<?xml version="1.0" encoding="UTF-8"?>
<coverage generated="1581010537661" clover="3.2.0">
  <project timestamp="1581010537661" name="All files">
    <metrics statements="214" coveredstatements="141" conditionals="44" coveredconditionals="15" methods="37" coveredmethods="18" elements="295" coveredelements="174" complexity="0" loc="214" ncloc="214" packages="8" files="12" classes="12"/>
    <package name="be">
      <metrics statements="3" coveredstatements="3" conditionals="0" coveredconditionals="0" methods="1" coveredmethods="1"/>
      <file name="knexfile.js" path="C:\Users\steph\Documents\Lambda Projects\be\knexfile.js">
        <metrics statements="3" coveredstatements="3" conditionals="0" coveredconditionals="0" methods="1" coveredmethods="1"/>
        <line num="3" count="3" type="stmt"/>
        <line num="15" count="3" type="stmt"/>
        <line num="20" count="3" type="stmt"/>
      </file>
    </package>
    <package name="be.api">
      <metrics statements="19" coveredstatements="18" conditionals="0" coveredconditionals="0" methods="2" coveredmethods="1"/>
      <file name="server.js" path="C:\Users\steph\Documents\Lambda Projects\be\api\server.js">
        <metrics statements="19" coveredstatements="18" conditionals="0" coveredconditionals="0" methods="2" coveredmethods="1"/>
        <line num="1" count="3" type="stmt"/>
        <line num="2" count="3" type="stmt"/>
        <line num="3" count="3" type="stmt"/>
        <line num="7" count="3" type="stmt"/>
        <line num="8" count="3" type="stmt"/>
        <line num="9" count="3" type="stmt"/>
        <line num="11" count="3" type="stmt"/>
        <line num="12" count="3" type="stmt"/>
        <line num="13" count="3" type="stmt"/>
        <line num="15" count="3" type="stmt"/>
        <line num="17" count="3" type="stmt"/>
        <line num="18" count="3" type="stmt"/>
        <line num="19" count="3" type="stmt"/>
        <line num="22" count="3" type="stmt"/>
        <line num="23" count="0" type="stmt"/>
        <line num="28" count="3" type="stmt"/>
        <line num="29" count="5" type="stmt"/>
        <line num="30" count="5" type="stmt"/>
        <line num="35" count="3" type="stmt"/>
      </file>
    </package>
    <package name="be.data.config">
      <metrics statements="5" coveredstatements="5" conditionals="4" coveredconditionals="3" methods="0" coveredmethods="0"/>
      <file name="dbConfig.js" path="C:\Users\steph\Documents\Lambda Projects\be\data\config\dbConfig.js">
        <metrics statements="4" coveredstatements="4" conditionals="2" coveredconditionals="1" methods="0" coveredmethods="0"/>
        <line num="1" count="3" type="stmt"/>
        <line num="2" count="3" type="stmt"/>
        <line num="4" count="3" type="cond" truecount="1" falsecount="1"/>
        <line num="6" count="3" type="stmt"/>
      </file>
      <file name="secrets.js" path="C:\Users\steph\Documents\Lambda Projects\be\data\config\secrets.js">
        <metrics statements="1" coveredstatements="1" conditionals="2" coveredconditionals="2" methods="0" coveredmethods="0"/>
        <line num="1" count="3" type="cond" truecount="2" falsecount="0"/>
      </file>
    </package>
    <package name="be.data.middleware">
      <metrics statements="36" coveredstatements="16" conditionals="16" coveredconditionals="0" methods="5" coveredmethods="1"/>
      <file name="authenticate.js" path="C:\Users\steph\Documents\Lambda Projects\be\data\middleware\authenticate.js">
        <metrics statements="9" coveredstatements="9" conditionals="0" coveredconditionals="0" methods="1" coveredmethods="1"/>
        <line num="1" count="3" type="stmt"/>
        <line num="2" count="3" type="stmt"/>
        <line num="4" count="3" type="stmt"/>
        <line num="5" count="5" type="stmt"/>
        <line num="6" count="5" type="stmt"/>
        <line num="7" count="5" type="stmt"/>
        <line num="9" count="4" type="stmt"/>
        <line num="10" count="4" type="stmt"/>
        <line num="13" count="1" type="stmt"/>
      </file>
      <file name="validate.js" path="C:\Users\steph\Documents\Lambda Projects\be\data\middleware\validate.js">
        <metrics statements="27" coveredstatements="7" conditionals="16" coveredconditionals="0" methods="4" coveredmethods="0"/>
        <line num="1" count="3" type="stmt"/>
        <line num="2" count="3" type="stmt"/>
        <line num="4" count="3" type="stmt"/>
        <line num="5" count="0" type="stmt"/>
        <line num="6" count="0" type="cond" truecount="0" falsecount="2"/>
        <line num="7" count="0" type="stmt"/>
        <line num="11" count="0" type="stmt"/>
        <line num="12" count="0" type="stmt"/>
        <line num="13" count="0" type="stmt"/>
        <line num="16" count="3" type="stmt"/>
        <line num="17" count="0" type="cond" truecount="0" falsecount="5"/>
        <line num="18" count="0" type="stmt"/>
        <line num="22" count="0" type="stmt"/>
        <line num="26" count="3" type="stmt"/>
        <line num="27" count="0" type="cond" truecount="0" falsecount="5"/>
        <line num="28" count="0" type="stmt"/>
        <line num="32" count="0" type="stmt"/>
        <line num="36" count="3" type="stmt"/>
        <line num="37" count="0" type="stmt"/>
        <line num="38" count="0" type="stmt"/>
        <line num="40" count="0" type="cond" truecount="0" falsecount="2"/>
        <line num="41" count="0" type="stmt"/>
        <line num="42" count="0" type="cond" truecount="0" falsecount="2"/>
        <line num="43" count="0" type="stmt"/>
        <line num="45" count="0" type="stmt"/>
        <line num="46" count="0" type="stmt"/>
        <line num="49" count="3" type="stmt"/>
      </file>
    </package>
    <package name="be.data.routes.auth">
      <metrics statements="31" coveredstatements="29" conditionals="12" coveredconditionals="11" methods="3" coveredmethods="3"/>
      <file name="authRouter.js" path="C:\Users\steph\Documents\Lambda Projects\be\data\routes\auth\authRouter.js">
        <metrics statements="31" coveredstatements="29" conditionals="12" coveredconditionals="11" methods="3" coveredmethods="3"/>
        <line num="1" count="3" type="stmt"/>
        <line num="2" count="3" type="stmt"/>
        <line num="4" count="3" type="stmt"/>
        <line num="5" count="3" type="stmt"/>
        <line num="6" count="3" type="stmt"/>
        <line num="8" count="3" type="stmt"/>
        <line num="10" count="3" type="stmt"/>
        <line num="11" count="2" type="stmt"/>
        <line num="12" count="2" type="stmt"/>
        <line num="14" count="2" type="cond" truecount="4" falsecount="0"/>
        <line num="17" count="1" type="stmt"/>
        <line num="22" count="2" type="stmt"/>
        <line num="27" count="3" type="stmt"/>
        <line num="28" count="2" type="stmt"/>
        <line num="29" count="1" type="stmt"/>
        <line num="34" count="1" type="stmt"/>
        <line num="37" count="1" type="stmt"/>
        <line num="40" count="2" type="stmt"/>
        <line num="41" count="2" type="stmt"/>
        <line num="42" count="2" type="stmt"/>
        <line num="43" count="2" type="stmt"/>
        <line num="44" count="2" type="stmt"/>
        <line num="45" count="2" type="stmt"/>
        <line num="47" count="2" type="cond" truecount="4" falsecount="0"/>
        <line num="48" count="1" type="stmt"/>
        <line num="49" count="1" type="stmt"/>
        <line num="53" count="1" type="cond" truecount="3" falsecount="1"/>
        <line num="54" count="1" type="stmt"/>
        <line num="60" count="0" type="stmt"/>
        <line num="61" count="0" type="stmt"/>
        <line num="65" count="3" type="stmt"/>
      </file>
    </package>
    <package name="be.data.routes.overview">
      <metrics statements="8" coveredstatements="7" conditionals="0" coveredconditionals="0" methods="1" coveredmethods="1"/>
      <file name="overviewRouter.js" path="C:\Users\steph\Documents\Lambda Projects\be\data\routes\overview\overviewRouter.js">
        <metrics statements="8" coveredstatements="7" conditionals="0" coveredconditionals="0" methods="1" coveredmethods="1"/>
        <line num="1" count="3" type="stmt"/>
        <line num="2" count="3" type="stmt"/>
        <line num="4" count="3" type="stmt"/>
        <line num="5" count="1" type="stmt"/>
        <line num="6" count="1" type="stmt"/>
        <line num="7" count="1" type="stmt"/>
        <line num="10" count="0" type="stmt"/>
        <line num="14" count="3" type="stmt"/>
      </file>
    </package>
    <package name="be.data.routes.projects">
      <metrics statements="61" coveredstatements="21" conditionals="6" coveredconditionals="0" methods="14" coveredmethods="1"/>
      <file name="projectsModel.js" path="C:\Users\steph\Documents\Lambda Projects\be\data\routes\projects\projectsModel.js">
        <metrics statements="23" coveredstatements="11" conditionals="2" coveredconditionals="0" methods="9" coveredmethods="1"/>
        <line num="1" count="3" type="stmt"/>
        <line num="3" count="3" type="stmt"/>
        <line num="4" count="1" type="stmt"/>
        <line num="8" count="3" type="stmt"/>
        <line num="9" count="0" type="stmt"/>
        <line num="14" count="3" type="stmt"/>
        <line num="15" count="0" type="stmt"/>
        <line num="27" count="0" type="stmt"/>
        <line num="28" count="0" type="cond" truecount="0" falsecount="2"/>
        <line num="30" count="0" type="stmt"/>
        <line num="33" count="3" type="stmt"/>
        <line num="34" count="0" type="stmt"/>
        <line num="37" count="0" type="stmt"/>
        <line num="41" count="3" type="stmt"/>
        <line num="42" count="0" type="stmt"/>
        <line num="47" count="0" type="stmt"/>
        <line num="56" count="3" type="stmt"/>
        <line num="57" count="0" type="stmt"/>
        <line num="70" count="3" type="stmt"/>
        <line num="71" count="0" type="stmt"/>
        <line num="79" count="3" type="stmt"/>
        <line num="80" count="0" type="stmt"/>
        <line num="85" count="3" type="stmt"/>
      </file>
      <file name="projectsRouter.js" path="C:\Users\steph\Documents\Lambda Projects\be\data\routes\projects\projectsRouter.js">
        <metrics statements="38" coveredstatements="10" conditionals="4" coveredconditionals="0" methods="5" coveredmethods="0"/>
        <line num="1" count="3" type="stmt"/>
        <line num="2" count="3" type="stmt"/>
        <line num="3" count="3" type="stmt"/>
        <line num="4" count="3" type="stmt"/>
        <line num="6" count="3" type="stmt"/>
        <line num="7" count="0" type="stmt"/>
        <line num="8" count="0" type="stmt"/>
        <line num="9" count="0" type="stmt"/>
        <line num="10" count="0" type="stmt"/>
        <line num="11" count="0" type="cond" truecount="0" falsecount="2"/>
        <line num="12" count="0" type="stmt"/>
        <line num="14" count="0" type="stmt"/>
        <line num="18" count="0" type="stmt"/>
        <line num="22" count="3" type="stmt"/>
        <line num="23" count="0" type="stmt"/>
        <line num="24" count="0" type="stmt"/>
        <line num="25" count="0" type="stmt"/>
        <line num="26" count="0" type="stmt"/>
        <line num="27" count="0" type="stmt"/>
        <line num="30" count="0" type="stmt"/>
        <line num="34" count="3" type="stmt"/>
        <line num="35" count="0" type="stmt"/>
        <line num="36" count="0" type="stmt"/>
        <line num="37" count="0" type="stmt"/>
        <line num="40" count="0" type="stmt"/>
        <line num="44" count="3" type="stmt"/>
        <line num="45" count="0" type="stmt"/>
        <line num="53" count="0" type="stmt"/>
        <line num="54" count="0" type="stmt"/>
        <line num="55" count="0" type="stmt"/>
        <line num="58" count="0" type="stmt"/>
        <line num="62" count="3" type="stmt"/>
        <line num="63" count="0" type="stmt"/>
        <line num="64" count="0" type="stmt"/>
        <line num="65" count="0" type="cond" truecount="0" falsecount="2"/>
        <line num="66" count="0" type="stmt"/>
        <line num="70" count="0" type="stmt"/>
        <line num="74" count="3" type="stmt"/>
      </file>
    </package>
    <package name="be.data.routes.users">
      <metrics statements="51" coveredstatements="42" conditionals="6" coveredconditionals="1" methods="11" coveredmethods="10"/>
      <file name="usersModel.js" path="C:\Users\steph\Documents\Lambda Projects\be\data\routes\users\usersModel.js">
        <metrics statements="21" coveredstatements="17" conditionals="4" coveredconditionals="1" methods="7" coveredmethods="6"/>
        <line num="1" count="3" type="stmt"/>
        <line num="2" count="3" type="stmt"/>
        <line num="4" count="3" type="stmt"/>
        <line num="5" count="1" type="stmt"/>
        <line num="9" count="3" type="stmt"/>
        <line num="10" count="2" type="stmt"/>
        <line num="16" count="3" type="stmt"/>
        <line num="17" count="1" type="stmt"/>
        <line num="21" count="0" type="stmt"/>
        <line num="33" count="0" type="stmt"/>
        <line num="34" count="0" type="cond" truecount="0" falsecount="2"/>
        <line num="36" count="0" type="stmt"/>
        <line num="40" count="3" type="stmt"/>
        <line num="41" count="1" type="stmt"/>
        <line num="42" count="1" type="cond" truecount="1" falsecount="1"/>
        <line num="43" count="1" type="stmt"/>
        <line num="47" count="3" type="stmt"/>
        <line num="48" count="1" type="stmt"/>
        <line num="53" count="3" type="stmt"/>
        <line num="54" count="1" type="stmt"/>
        <line num="59" count="3" type="stmt"/>
      </file>
      <file name="usersRouter.js" path="C:\Users\steph\Documents\Lambda Projects\be\data\routes\users\usersRouter.js">
        <metrics statements="30" coveredstatements="25" conditionals="2" coveredconditionals="0" methods="4" coveredmethods="4"/>
        <line num="1" count="3" type="stmt"/>
        <line num="2" count="3" type="stmt"/>
        <line num="3" count="3" type="stmt"/>
        <line num="4" count="3" type="stmt"/>
        <line num="5" count="3" type="stmt"/>
        <line num="6" count="3" type="stmt"/>
        <line num="8" count="3" type="stmt"/>
        <line num="10" count="3" type="stmt"/>
        <line num="11" count="1" type="stmt"/>
        <line num="12" count="1" type="stmt"/>
        <line num="13" count="1" type="stmt"/>
        <line num="16" count="0" type="stmt"/>
        <line num="20" count="3" type="stmt"/>
        <line num="21" count="1" type="stmt"/>
        <line num="22" count="1" type="stmt"/>
        <line num="23" count="0" type="stmt"/>
        <line num="26" count="1" type="stmt"/>
        <line num="43" count="3" type="stmt"/>
        <line num="44" count="1" type="stmt"/>
        <line num="48" count="1" type="stmt"/>
        <line num="49" count="1" type="stmt"/>
        <line num="50" count="0" type="stmt"/>
        <line num="53" count="1" type="stmt"/>
        <line num="57" count="3" type="stmt"/>
        <line num="58" count="1" type="stmt"/>
        <line num="59" count="1" type="stmt"/>
        <line num="61" count="0" type="cond" truecount="0" falsecount="2"/>
        <line num="62" count="0" type="stmt"/>
        <line num="66" count="1" type="stmt"/>
        <line num="70" count="3" type="stmt"/>
      </file>
    </package>
  </project>
</coverage>
