{"C:\\Users\\steph\\Documents\\Lambda Projects\\be\\knexfile.js": {"path":"C:\\Users\\steph\\Documents\\Lambda Projects\\be\\knexfile.js","statementMap":{"0":{"start":{"line":3,"column":15},"end":{"line":18,"column":1}},"1":{"start":{"line":15,"column":6},"end":{"line":15,"column":49}},"2":{"start":{"line":20,"column":0},"end":{"line":50,"column":4}}},"fnMap":{"0":{"name":"(anonymous_0)","decl":{"start":{"line":13,"column":17},"end":{"line":13,"column":18}},"loc":{"start":{"line":13,"column":33},"end":{"line":16,"column":5}},"line":13}},"branchMap":{},"s":{"0":3,"1":3,"2":3},"f":{"0":3},"b":{},"_coverageSchema":"1a1c01bbd47fc00a2c39e90264f33305004495a9","hash":"0228c734ef9c882710452841dc85cb5eb441bf41"}
,"C:\\Users\\steph\\Documents\\Lambda Projects\\be\\api\\server.js": {"path":"C:\\Users\\steph\\Documents\\Lambda Projects\\be\\api\\server.js","statementMap":{"0":{"start":{"line":1,"column":16},"end":{"line":1,"column":34}},"1":{"start":{"line":2,"column":15},"end":{"line":2,"column":32}},"2":{"start":{"line":3,"column":13},"end":{"line":3,"column":28}},"3":{"start":{"line":7,"column":19},"end":{"line":7,"column":60}},"4":{"start":{"line":8,"column":20},"end":{"line":8,"column":63}},"5":{"start":{"line":9,"column":23},"end":{"line":9,"column":72}},"6":{"start":{"line":11,"column":15},"end":{"line":11,"column":24}},"7":{"start":{"line":12,"column":0},"end":{"line":12,"column":21}},"8":{"start":{"line":13,"column":0},"end":{"line":13,"column":19}},"9":{"start":{"line":15,"column":0},"end":{"line":15,"column":27}},"10":{"start":{"line":17,"column":0},"end":{"line":17,"column":36}},"11":{"start":{"line":18,"column":0},"end":{"line":18,"column":38}},"12":{"start":{"line":19,"column":0},"end":{"line":19,"column":43}},"13":{"start":{"line":22,"column":0},"end":{"line":26,"column":2}},"14":{"start":{"line":23,"column":4},"end":{"line":25,"column":6}},"15":{"start":{"line":28,"column":0},"end":{"line":33,"column":2}},"16":{"start":{"line":29,"column":4},"end":{"line":29,"column":33}},"17":{"start":{"line":30,"column":4},"end":{"line":32,"column":6}},"18":{"start":{"line":35,"column":0},"end":{"line":35,"column":24}}},"fnMap":{"0":{"name":"(anonymous_0)","decl":{"start":{"line":22,"column":16},"end":{"line":22,"column":17}},"loc":{"start":{"line":22,"column":36},"end":{"line":26,"column":1}},"line":22},"1":{"name":"(anonymous_1)","decl":{"start":{"line":28,"column":11},"end":{"line":28,"column":12}},"loc":{"start":{"line":28,"column":38},"end":{"line":33,"column":1}},"line":28}},"branchMap":{},"s":{"0":3,"1":3,"2":3,"3":3,"4":3,"5":3,"6":3,"7":3,"8":3,"9":3,"10":3,"11":3,"12":3,"13":3,"14":0,"15":3,"16":5,"17":5,"18":3},"f":{"0":0,"1":5},"b":{},"_coverageSchema":"1a1c01bbd47fc00a2c39e90264f33305004495a9","hash":"51fae0a511a9715a4ae6f2c81fa8951b839a894e"}
,"C:\\Users\\steph\\Documents\\Lambda Projects\\be\\data\\config\\dbConfig.js": {"path":"C:\\Users\\steph\\Documents\\Lambda Projects\\be\\data\\config\\dbConfig.js","statementMap":{"0":{"start":{"line":1,"column":13},"end":{"line":1,"column":28}},"1":{"start":{"line":2,"column":15},"end":{"line":2,"column":40}},"2":{"start":{"line":4,"column":14},"end":{"line":4,"column":43}},"3":{"start":{"line":6,"column":0},"end":{"line":6,"column":36}}},"fnMap":{},"branchMap":{"0":{"loc":{"start":{"line":4,"column":14},"end":{"line":4,"column":43}},"type":"binary-expr","locations":[{"start":{"line":4,"column":14},"end":{"line":4,"column":34}},{"start":{"line":4,"column":38},"end":{"line":4,"column":43}}],"line":4}},"s":{"0":3,"1":3,"2":3,"3":3},"f":{},"b":{"0":[3,0]},"_coverageSchema":"1a1c01bbd47fc00a2c39e90264f33305004495a9","hash":"95795a4b76743dcab99d128794c3ab89ce9b9b54"}
,"C:\\Users\\steph\\Documents\\Lambda Projects\\be\\data\\config\\secrets.js": {"path":"C:\\Users\\steph\\Documents\\Lambda Projects\\be\\data\\config\\secrets.js","statementMap":{"0":{"start":{"line":1,"column":0},"end":{"line":1,"column":78}}},"fnMap":{},"branchMap":{"0":{"loc":{"start":{"line":1,"column":24},"end":{"line":1,"column":76}},"type":"binary-expr","locations":[{"start":{"line":1,"column":24},"end":{"line":1,"column":46}},{"start":{"line":1,"column":50},"end":{"line":1,"column":76}}],"line":1}},"s":{"0":3},"f":{},"b":{"0":[3,3]},"_coverageSchema":"1a1c01bbd47fc00a2c39e90264f33305004495a9","hash":"c10bdb0b11f633d5948318601447f454782a1f65"}
,"C:\\Users\\steph\\Documents\\Lambda Projects\\be\\data\\middleware\\authenticate.js": {"path":"C:\\Users\\steph\\Documents\\Lambda Projects\\be\\data\\middleware\\authenticate.js","statementMap":{"0":{"start":{"line":1,"column":12},"end":{"line":1,"column":35}},"1":{"start":{"line":2,"column":16},"end":{"line":2,"column":44}},"2":{"start":{"line":4,"column":0},"end":{"line":17,"column":2}},"3":{"start":{"line":5,"column":2},"end":{"line":16,"column":3}},"4":{"start":{"line":6,"column":18},"end":{"line":6,"column":43}},"5":{"start":{"line":7,"column":20},"end":{"line":7,"column":50}},"6":{"start":{"line":9,"column":4},"end":{"line":9,"column":32}},"7":{"start":{"line":10,"column":4},"end":{"line":10,"column":10}},"8":{"start":{"line":13,"column":4},"end":{"line":15,"column":6}}},"fnMap":{"0":{"name":"(anonymous_0)","decl":{"start":{"line":4,"column":17},"end":{"line":4,"column":18}},"loc":{"start":{"line":4,"column":37},"end":{"line":17,"column":1}},"line":4}},"branchMap":{},"s":{"0":3,"1":3,"2":3,"3":5,"4":5,"5":5,"6":4,"7":4,"8":1},"f":{"0":5},"b":{},"_coverageSchema":"1a1c01bbd47fc00a2c39e90264f33305004495a9","hash":"ecaff1878e938376a0e3ce2243d0fa70fe81c962"}
,"C:\\Users\\steph\\Documents\\Lambda Projects\\be\\data\\middleware\\validate.js": {"path":"C:\\Users\\steph\\Documents\\Lambda Projects\\be\\data\\middleware\\validate.js","statementMap":{"0":{"start":{"line":1,"column":14},"end":{"line":1,"column":51}},"1":{"start":{"line":2,"column":17},"end":{"line":2,"column":60}},"2":{"start":{"line":4,"column":23},"end":{"line":14,"column":1}},"3":{"start":{"line":5,"column":19},"end":{"line":5,"column":53}},"4":{"start":{"line":6,"column":4},"end":{"line":10,"column":5}},"5":{"start":{"line":7,"column":8},"end":{"line":9,"column":49}},"6":{"start":{"line":11,"column":4},"end":{"line":11,"column":21}},"7":{"start":{"line":12,"column":4},"end":{"line":12,"column":36}},"8":{"start":{"line":13,"column":4},"end":{"line":13,"column":10}},"9":{"start":{"line":16,"column":21},"end":{"line":24,"column":1}},"10":{"start":{"line":17,"column":4},"end":{"line":23,"column":5}},"11":{"start":{"line":18,"column":8},"end":{"line":20,"column":55}},"12":{"start":{"line":22,"column":8},"end":{"line":22,"column":14}},"13":{"start":{"line":26,"column":24},"end":{"line":34,"column":1}},"14":{"start":{"line":27,"column":4},"end":{"line":33,"column":5}},"15":{"start":{"line":28,"column":8},"end":{"line":30,"column":56}},"16":{"start":{"line":32,"column":8},"end":{"line":32,"column":14}},"17":{"start":{"line":36,"column":26},"end":{"line":47,"column":1}},"18":{"start":{"line":37,"column":19},"end":{"line":37,"column":53}},"19":{"start":{"line":38,"column":22},"end":{"line":38,"column":67}},"20":{"start":{"line":40,"column":4},"end":{"line":44,"column":5}},"21":{"start":{"line":41,"column":8},"end":{"line":41,"column":66}},"22":{"start":{"line":42,"column":11},"end":{"line":44,"column":5}},"23":{"start":{"line":43,"column":8},"end":{"line":43,"column":69}},"24":{"start":{"line":45,"column":4},"end":{"line":45,"column":27}},"25":{"start":{"line":46,"column":4},"end":{"line":46,"column":10}},"26":{"start":{"line":49,"column":0},"end":{"line":54,"column":1}}},"fnMap":{"0":{"name":"(anonymous_0)","decl":{"start":{"line":4,"column":23},"end":{"line":4,"column":24}},"loc":{"start":{"line":4,"column":49},"end":{"line":14,"column":1}},"line":4},"1":{"name":"(anonymous_1)","decl":{"start":{"line":16,"column":21},"end":{"line":16,"column":22}},"loc":{"start":{"line":16,"column":47},"end":{"line":24,"column":1}},"line":16},"2":{"name":"(anonymous_2)","decl":{"start":{"line":26,"column":24},"end":{"line":26,"column":25}},"loc":{"start":{"line":26,"column":50},"end":{"line":34,"column":1}},"line":26},"3":{"name":"(anonymous_3)","decl":{"start":{"line":36,"column":26},"end":{"line":36,"column":27}},"loc":{"start":{"line":36,"column":52},"end":{"line":47,"column":1}},"line":36}},"branchMap":{"0":{"loc":{"start":{"line":6,"column":4},"end":{"line":10,"column":5}},"type":"if","locations":[{"start":{"line":6,"column":4},"end":{"line":10,"column":5}},{"start":{"line":6,"column":4},"end":{"line":10,"column":5}}],"line":6},"1":{"loc":{"start":{"line":17,"column":4},"end":{"line":23,"column":5}},"type":"if","locations":[{"start":{"line":17,"column":4},"end":{"line":23,"column":5}},{"start":{"line":17,"column":4},"end":{"line":23,"column":5}}],"line":17},"2":{"loc":{"start":{"line":17,"column":8},"end":{"line":17,"column":61}},"type":"binary-expr","locations":[{"start":{"line":17,"column":8},"end":{"line":17,"column":17}},{"start":{"line":17,"column":21},"end":{"line":17,"column":39}},{"start":{"line":17,"column":43},"end":{"line":17,"column":61}}],"line":17},"3":{"loc":{"start":{"line":27,"column":4},"end":{"line":33,"column":5}},"type":"if","locations":[{"start":{"line":27,"column":4},"end":{"line":33,"column":5}},{"start":{"line":27,"column":4},"end":{"line":33,"column":5}}],"line":27},"4":{"loc":{"start":{"line":27,"column":8},"end":{"line":27,"column":56}},"type":"binary-expr","locations":[{"start":{"line":27,"column":8},"end":{"line":27,"column":17}},{"start":{"line":27,"column":21},"end":{"line":27,"column":37}},{"start":{"line":27,"column":41},"end":{"line":27,"column":56}}],"line":27},"5":{"loc":{"start":{"line":40,"column":4},"end":{"line":44,"column":5}},"type":"if","locations":[{"start":{"line":40,"column":4},"end":{"line":44,"column":5}},{"start":{"line":40,"column":4},"end":{"line":44,"column":5}}],"line":40},"6":{"loc":{"start":{"line":42,"column":11},"end":{"line":44,"column":5}},"type":"if","locations":[{"start":{"line":42,"column":11},"end":{"line":44,"column":5}},{"start":{"line":42,"column":11},"end":{"line":44,"column":5}}],"line":42}},"s":{"0":3,"1":3,"2":3,"3":0,"4":0,"5":0,"6":0,"7":0,"8":0,"9":3,"10":0,"11":0,"12":0,"13":3,"14":0,"15":0,"16":0,"17":3,"18":0,"19":0,"20":0,"21":0,"22":0,"23":0,"24":0,"25":0,"26":3},"f":{"0":0,"1":0,"2":0,"3":0},"b":{"0":[0,0],"1":[0,0],"2":[0,0,0],"3":[0,0],"4":[0,0,0],"5":[0,0],"6":[0,0]},"_coverageSchema":"1a1c01bbd47fc00a2c39e90264f33305004495a9","hash":"025989661d1e1ccbacc4a4941b16900838fc763b"}
,"C:\\Users\\steph\\Documents\\Lambda Projects\\be\\data\\routes\\auth\\authRouter.js": {"path":"C:\\Users\\steph\\Documents\\Lambda Projects\\be\\data\\routes\\auth\\authRouter.js","statementMap":{"0":{"start":{"line":1,"column":15},"end":{"line":1,"column":42}},"1":{"start":{"line":2,"column":19},"end":{"line":2,"column":49}},"2":{"start":{"line":4,"column":12},"end":{"line":4,"column":35}},"3":{"start":{"line":5,"column":16},"end":{"line":5,"column":47}},"4":{"start":{"line":6,"column":15},"end":{"line":6,"column":34}},"5":{"start":{"line":8,"column":41},"end":{"line":8,"column":77}},"6":{"start":{"line":10,"column":0},"end":{"line":24,"column":2}},"7":{"start":{"line":11,"column":4},"end":{"line":23,"column":5}},"8":{"start":{"line":12,"column":39},"end":{"line":12,"column":47}},"9":{"start":{"line":14,"column":12},"end":{"line":16,"column":79}},"10":{"start":{"line":17,"column":8},"end":{"line":19,"column":26}},"11":{"start":{"line":22,"column":8},"end":{"line":22,"column":19}},"12":{"start":{"line":27,"column":0},"end":{"line":63,"column":2}},"13":{"start":{"line":28,"column":26},"end":{"line":38,"column":5}},"14":{"start":{"line":29,"column":24},"end":{"line":32,"column":9}},"15":{"start":{"line":34,"column":24},"end":{"line":36,"column":9}},"16":{"start":{"line":37,"column":8},"end":{"line":37,"column":54}},"17":{"start":{"line":40,"column":4},"end":{"line":62,"column":5}},"18":{"start":{"line":41,"column":39},"end":{"line":41,"column":47}},"19":{"start":{"line":42,"column":8},"end":{"line":42,"column":41}},"20":{"start":{"line":43,"column":8},"end":{"line":43,"column":41}},"21":{"start":{"line":44,"column":21},"end":{"line":44,"column":65}},"22":{"start":{"line":45,"column":30},"end":{"line":45,"column":75}},"23":{"start":{"line":47,"column":8},"end":{"line":57,"column":9}},"24":{"start":{"line":48,"column":26},"end":{"line":48,"column":45}},"25":{"start":{"line":49,"column":12},"end":{"line":52,"column":14}},"26":{"start":{"line":53,"column":15},"end":{"line":57,"column":9}},"27":{"start":{"line":54,"column":12},"end":{"line":56,"column":14}},"28":{"start":{"line":60,"column":8},"end":{"line":60,"column":26}},"29":{"start":{"line":61,"column":8},"end":{"line":61,"column":19}},"30":{"start":{"line":65,"column":0},"end":{"line":65,"column":24}}},"fnMap":{"0":{"name":"(anonymous_0)","decl":{"start":{"line":10,"column":25},"end":{"line":10,"column":26}},"loc":{"start":{"line":10,"column":51},"end":{"line":24,"column":1}},"line":10},"1":{"name":"(anonymous_1)","decl":{"start":{"line":27,"column":22},"end":{"line":27,"column":23}},"loc":{"start":{"line":27,"column":48},"end":{"line":63,"column":1}},"line":27},"2":{"name":"(anonymous_2)","decl":{"start":{"line":28,"column":26},"end":{"line":28,"column":27}},"loc":{"start":{"line":28,"column":36},"end":{"line":38,"column":5}},"line":28}},"branchMap":{"0":{"loc":{"start":{"line":14,"column":12},"end":{"line":16,"column":79}},"type":"cond-expr","locations":[{"start":{"line":15,"column":14},"end":{"line":15,"column":57}},{"start":{"line":16,"column":14},"end":{"line":16,"column":79}}],"line":14},"1":{"loc":{"start":{"line":14,"column":12},"end":{"line":14,"column":32}},"type":"binary-expr","locations":[{"start":{"line":14,"column":12},"end":{"line":14,"column":20}},{"start":{"line":14,"column":24},"end":{"line":14,"column":32}}],"line":14},"2":{"loc":{"start":{"line":47,"column":8},"end":{"line":57,"column":9}},"type":"if","locations":[{"start":{"line":47,"column":8},"end":{"line":57,"column":9}},{"start":{"line":47,"column":8},"end":{"line":57,"column":9}}],"line":47},"3":{"loc":{"start":{"line":47,"column":11},"end":{"line":47,"column":32}},"type":"binary-expr","locations":[{"start":{"line":47,"column":11},"end":{"line":47,"column":15}},{"start":{"line":47,"column":19},"end":{"line":47,"column":32}}],"line":47},"4":{"loc":{"start":{"line":53,"column":15},"end":{"line":57,"column":9}},"type":"if","locations":[{"start":{"line":53,"column":15},"end":{"line":57,"column":9}},{"start":{"line":53,"column":15},"end":{"line":57,"column":9}}],"line":53},"5":{"loc":{"start":{"line":53,"column":19},"end":{"line":53,"column":42}},"type":"binary-expr","locations":[{"start":{"line":53,"column":19},"end":{"line":53,"column":24}},{"start":{"line":53,"column":28},"end":{"line":53,"column":42}}],"line":53}},"s":{"0":3,"1":3,"2":3,"3":3,"4":3,"5":3,"6":3,"7":2,"8":2,"9":2,"10":1,"11":2,"12":3,"13":2,"14":1,"15":1,"16":1,"17":2,"18":2,"19":2,"20":2,"21":2,"22":2,"23":2,"24":1,"25":1,"26":1,"27":1,"28":0,"29":0,"30":3},"f":{"0":2,"1":2,"2":1},"b":{"0":[1,1],"1":[2,2],"2":[1,1],"3":[2,2],"4":[1,0],"5":[1,1]},"_coverageSchema":"1a1c01bbd47fc00a2c39e90264f33305004495a9","hash":"b0f5bc84bd59e2ec9d4ffd9ef08f3feb75f1f4fd"}
,"C:\\Users\\steph\\Documents\\Lambda Projects\\be\\data\\routes\\overview\\overviewRouter.js": {"path":"C:\\Users\\steph\\Documents\\Lambda Projects\\be\\data\\routes\\overview\\overviewRouter.js","statementMap":{"0":{"start":{"line":1,"column":15},"end":{"line":1,"column":42}},"1":{"start":{"line":2,"column":22},"end":{"line":2,"column":58}},"2":{"start":{"line":4,"column":0},"end":{"line":12,"column":2}},"3":{"start":{"line":5,"column":4},"end":{"line":11,"column":5}},"4":{"start":{"line":6,"column":25},"end":{"line":6,"column":50}},"5":{"start":{"line":7,"column":8},"end":{"line":7,"column":38}},"6":{"start":{"line":10,"column":8},"end":{"line":10,"column":19}},"7":{"start":{"line":14,"column":0},"end":{"line":14,"column":24}}},"fnMap":{"0":{"name":"(anonymous_0)","decl":{"start":{"line":4,"column":16},"end":{"line":4,"column":17}},"loc":{"start":{"line":4,"column":42},"end":{"line":12,"column":1}},"line":4}},"branchMap":{},"s":{"0":3,"1":3,"2":3,"3":1,"4":1,"5":1,"6":0,"7":3},"f":{"0":1},"b":{},"_coverageSchema":"1a1c01bbd47fc00a2c39e90264f33305004495a9","hash":"96c8e937b47a1284cb368dd7a3f80d2111a874fe"}
,"C:\\Users\\steph\\Documents\\Lambda Projects\\be\\data\\routes\\projects\\projectsModel.js": {"path":"C:\\Users\\steph\\Documents\\Lambda Projects\\be\\data\\routes\\projects\\projectsModel.js","statementMap":{"0":{"start":{"line":1,"column":11},"end":{"line":1,"column":43}},"1":{"start":{"line":3,"column":12},"end":{"line":6,"column":1}},"2":{"start":{"line":4,"column":4},"end":{"line":5,"column":17}},"3":{"start":{"line":8,"column":14},"end":{"line":12,"column":5}},"4":{"start":{"line":9,"column":4},"end":{"line":11,"column":16}},"5":{"start":{"line":14,"column":20},"end":{"line":31,"column":1}},"6":{"start":{"line":15,"column":21},"end":{"line":25,"column":13}},"7":{"start":{"line":27,"column":4},"end":{"line":29,"column":6}},"8":{"start":{"line":28,"column":8},"end":{"line":28,"column":95}},"9":{"start":{"line":30,"column":4},"end":{"line":30,"column":24}},"10":{"start":{"line":33,"column":16},"end":{"line":38,"column":1}},"11":{"start":{"line":34,"column":20},"end":{"line":36,"column":16}},"12":{"start":{"line":37,"column":8},"end":{"line":37,"column":22}},"13":{"start":{"line":41,"column":17},"end":{"line":48,"column":1}},"14":{"start":{"line":42,"column":20},"end":{"line":46,"column":16}},"15":{"start":{"line":47,"column":8},"end":{"line":47,"column":22}},"16":{"start":{"line":56,"column":12},"end":{"line":60,"column":1}},"17":{"start":{"line":57,"column":4},"end":{"line":59,"column":23}},"18":{"start":{"line":70,"column":15},"end":{"line":77,"column":1}},"19":{"start":{"line":71,"column":4},"end":{"line":76,"column":23}},"20":{"start":{"line":79,"column":15},"end":{"line":83,"column":1}},"21":{"start":{"line":80,"column":4},"end":{"line":82,"column":14}},"22":{"start":{"line":85,"column":0},"end":{"line":94,"column":1}}},"fnMap":{"0":{"name":"(anonymous_0)","decl":{"start":{"line":3,"column":12},"end":{"line":3,"column":13}},"loc":{"start":{"line":3,"column":18},"end":{"line":6,"column":1}},"line":3},"1":{"name":"(anonymous_1)","decl":{"start":{"line":8,"column":14},"end":{"line":8,"column":15}},"loc":{"start":{"line":8,"column":26},"end":{"line":12,"column":5}},"line":8},"2":{"name":"(anonymous_2)","decl":{"start":{"line":14,"column":20},"end":{"line":14,"column":21}},"loc":{"start":{"line":14,"column":34},"end":{"line":31,"column":1}},"line":14},"3":{"name":"(anonymous_3)","decl":{"start":{"line":27,"column":17},"end":{"line":27,"column":18}},"loc":{"start":{"line":27,"column":30},"end":{"line":29,"column":5}},"line":27},"4":{"name":"(anonymous_4)","decl":{"start":{"line":33,"column":16},"end":{"line":33,"column":17}},"loc":{"start":{"line":33,"column":30},"end":{"line":38,"column":1}},"line":33},"5":{"name":"(anonymous_5)","decl":{"start":{"line":41,"column":17},"end":{"line":41,"column":18}},"loc":{"start":{"line":41,"column":39},"end":{"line":48,"column":1}},"line":41},"6":{"name":"(anonymous_6)","decl":{"start":{"line":56,"column":12},"end":{"line":56,"column":13}},"loc":{"start":{"line":56,"column":25},"end":{"line":60,"column":1}},"line":56},"7":{"name":"(anonymous_7)","decl":{"start":{"line":70,"column":15},"end":{"line":70,"column":16}},"loc":{"start":{"line":70,"column":40},"end":{"line":77,"column":1}},"line":70},"8":{"name":"(anonymous_8)","decl":{"start":{"line":79,"column":15},"end":{"line":79,"column":16}},"loc":{"start":{"line":79,"column":31},"end":{"line":83,"column":1}},"line":79}},"branchMap":{"0":{"loc":{"start":{"line":28,"column":47},"end":{"line":28,"column":93}},"type":"cond-expr","locations":[{"start":{"line":28,"column":81},"end":{"line":28,"column":85}},{"start":{"line":28,"column":88},"end":{"line":28,"column":93}}],"line":28}},"s":{"0":3,"1":3,"2":1,"3":3,"4":0,"5":3,"6":0,"7":0,"8":0,"9":0,"10":3,"11":0,"12":0,"13":3,"14":0,"15":0,"16":3,"17":0,"18":3,"19":0,"20":3,"21":0,"22":3},"f":{"0":1,"1":0,"2":0,"3":0,"4":0,"5":0,"6":0,"7":0,"8":0},"b":{"0":[0,0]},"_coverageSchema":"1a1c01bbd47fc00a2c39e90264f33305004495a9","hash":"037fde630b2093f41e97133268034aa84a2cdedc"}
,"C:\\Users\\steph\\Documents\\Lambda Projects\\be\\data\\routes\\projects\\projectsRouter.js": {"path":"C:\\Users\\steph\\Documents\\Lambda Projects\\be\\data\\routes\\projects\\projectsRouter.js","statementMap":{"0":{"start":{"line":1,"column":22},"end":{"line":1,"column":58}},"1":{"start":{"line":2,"column":15},"end":{"line":2,"column":63}},"2":{"start":{"line":3,"column":21},"end":{"line":3,"column":61}},"3":{"start":{"line":4,"column":47},"end":{"line":4,"column":83}},"4":{"start":{"line":6,"column":0},"end":{"line":20,"column":2}},"5":{"start":{"line":7,"column":4},"end":{"line":7,"column":51}},"6":{"start":{"line":8,"column":8},"end":{"line":19,"column":9}},"7":{"start":{"line":9,"column":29},"end":{"line":9,"column":79}},"8":{"start":{"line":10,"column":12},"end":{"line":10,"column":56}},"9":{"start":{"line":11,"column":12},"end":{"line":15,"column":13}},"10":{"start":{"line":12,"column":16},"end":{"line":12,"column":46}},"11":{"start":{"line":14,"column":16},"end":{"line":14,"column":72}},"12":{"start":{"line":18,"column":12},"end":{"line":18,"column":23}},"13":{"start":{"line":22,"column":0},"end":{"line":32,"column":2}},"14":{"start":{"line":23,"column":4},"end":{"line":23,"column":48}},"15":{"start":{"line":24,"column":4},"end":{"line":31,"column":5}},"16":{"start":{"line":25,"column":8},"end":{"line":25,"column":51}},"17":{"start":{"line":26,"column":24},"end":{"line":26,"column":86}},"18":{"start":{"line":27,"column":8},"end":{"line":27,"column":37}},"19":{"start":{"line":30,"column":8},"end":{"line":30,"column":19}},"20":{"start":{"line":34,"column":0},"end":{"line":42,"column":2}},"21":{"start":{"line":35,"column":4},"end":{"line":41,"column":5}},"22":{"start":{"line":36,"column":24},"end":{"line":36,"column":57}},"23":{"start":{"line":37,"column":8},"end":{"line":37,"column":37}},"24":{"start":{"line":40,"column":8},"end":{"line":40,"column":19}},"25":{"start":{"line":44,"column":0},"end":{"line":60,"column":2}},"26":{"start":{"line":45,"column":20},"end":{"line":52,"column":5}},"27":{"start":{"line":53,"column":4},"end":{"line":59,"column":5}},"28":{"start":{"line":54,"column":24},"end":{"line":54,"column":93}},"29":{"start":{"line":55,"column":8},"end":{"line":55,"column":37}},"30":{"start":{"line":58,"column":8},"end":{"line":58,"column":19}},"31":{"start":{"line":62,"column":0},"end":{"line":72,"column":2}},"32":{"start":{"line":63,"column":4},"end":{"line":71,"column":5}},"33":{"start":{"line":64,"column":31},"end":{"line":64,"column":72}},"34":{"start":{"line":65,"column":8},"end":{"line":67,"column":9}},"35":{"start":{"line":66,"column":12},"end":{"line":66,"column":68}},"36":{"start":{"line":70,"column":8},"end":{"line":70,"column":19}},"37":{"start":{"line":74,"column":0},"end":{"line":74,"column":24}}},"fnMap":{"0":{"name":"(anonymous_0)","decl":{"start":{"line":6,"column":30},"end":{"line":6,"column":31}},"loc":{"start":{"line":6,"column":56},"end":{"line":20,"column":1}},"line":6},"1":{"name":"(anonymous_1)","decl":{"start":{"line":22,"column":33},"end":{"line":22,"column":34}},"loc":{"start":{"line":22,"column":59},"end":{"line":32,"column":1}},"line":22},"2":{"name":"(anonymous_2)","decl":{"start":{"line":34,"column":31},"end":{"line":34,"column":32}},"loc":{"start":{"line":34,"column":57},"end":{"line":42,"column":1}},"line":34},"3":{"name":"(anonymous_3)","decl":{"start":{"line":44,"column":33},"end":{"line":44,"column":34}},"loc":{"start":{"line":44,"column":59},"end":{"line":60,"column":1}},"line":44},"4":{"name":"(anonymous_4)","decl":{"start":{"line":62,"column":36},"end":{"line":62,"column":37}},"loc":{"start":{"line":62,"column":62},"end":{"line":72,"column":1}},"line":62}},"branchMap":{"0":{"loc":{"start":{"line":11,"column":12},"end":{"line":15,"column":13}},"type":"if","locations":[{"start":{"line":11,"column":12},"end":{"line":15,"column":13}},{"start":{"line":11,"column":12},"end":{"line":15,"column":13}}],"line":11},"1":{"loc":{"start":{"line":65,"column":8},"end":{"line":67,"column":9}},"type":"if","locations":[{"start":{"line":65,"column":8},"end":{"line":67,"column":9}},{"start":{"line":65,"column":8},"end":{"line":67,"column":9}}],"line":65}},"s":{"0":3,"1":3,"2":3,"3":3,"4":3,"5":0,"6":0,"7":0,"8":0,"9":0,"10":0,"11":0,"12":0,"13":3,"14":0,"15":0,"16":0,"17":0,"18":0,"19":0,"20":3,"21":0,"22":0,"23":0,"24":0,"25":3,"26":0,"27":0,"28":0,"29":0,"30":0,"31":3,"32":0,"33":0,"34":0,"35":0,"36":0,"37":3},"f":{"0":0,"1":0,"2":0,"3":0,"4":0},"b":{"0":[0,0],"1":[0,0]},"_coverageSchema":"1a1c01bbd47fc00a2c39e90264f33305004495a9","hash":"eb30dfa847ccc6272eeff315fb92867ca3bdb2de"}
,"C:\\Users\\steph\\Documents\\Lambda Projects\\be\\data\\routes\\users\\usersModel.js": {"path":"C:\\Users\\steph\\Documents\\Lambda Projects\\be\\data\\routes\\users\\usersModel.js","statementMap":{"0":{"start":{"line":1,"column":15},"end":{"line":1,"column":34}},"1":{"start":{"line":2,"column":11},"end":{"line":2,"column":43}},"2":{"start":{"line":4,"column":12},"end":{"line":7,"column":5}},"3":{"start":{"line":5,"column":4},"end":{"line":6,"column":33}},"4":{"start":{"line":9,"column":14},"end":{"line":14,"column":1}},"5":{"start":{"line":10,"column":4},"end":{"line":13,"column":12}},"6":{"start":{"line":16,"column":16},"end":{"line":37,"column":1}},"7":{"start":{"line":17,"column":17},"end":{"line":19,"column":32}},"8":{"start":{"line":21,"column":21},"end":{"line":31,"column":13}},"9":{"start":{"line":33,"column":4},"end":{"line":35,"column":6}},"10":{"start":{"line":34,"column":8},"end":{"line":34,"column":95}},"11":{"start":{"line":36,"column":4},"end":{"line":36,"column":30}},"12":{"start":{"line":40,"column":12},"end":{"line":44,"column":1}},"13":{"start":{"line":41,"column":4},"end":{"line":41,"column":55}},"14":{"start":{"line":42,"column":17},"end":{"line":42,"column":115}},"15":{"start":{"line":43,"column":4},"end":{"line":43,"column":23}},"16":{"start":{"line":47,"column":15},"end":{"line":51,"column":1}},"17":{"start":{"line":48,"column":4},"end":{"line":50,"column":39}},"18":{"start":{"line":53,"column":15},"end":{"line":57,"column":1}},"19":{"start":{"line":54,"column":4},"end":{"line":56,"column":14}},"20":{"start":{"line":59,"column":0},"end":{"line":66,"column":1}}},"fnMap":{"0":{"name":"(anonymous_0)","decl":{"start":{"line":4,"column":12},"end":{"line":4,"column":13}},"loc":{"start":{"line":4,"column":18},"end":{"line":7,"column":5}},"line":4},"1":{"name":"(anonymous_1)","decl":{"start":{"line":9,"column":14},"end":{"line":9,"column":15}},"loc":{"start":{"line":9,"column":26},"end":{"line":14,"column":1}},"line":9},"2":{"name":"(anonymous_2)","decl":{"start":{"line":16,"column":16},"end":{"line":16,"column":17}},"loc":{"start":{"line":16,"column":30},"end":{"line":37,"column":1}},"line":16},"3":{"name":"(anonymous_3)","decl":{"start":{"line":33,"column":17},"end":{"line":33,"column":18}},"loc":{"start":{"line":33,"column":30},"end":{"line":35,"column":5}},"line":33},"4":{"name":"(anonymous_4)","decl":{"start":{"line":40,"column":12},"end":{"line":40,"column":13}},"loc":{"start":{"line":40,"column":28},"end":{"line":44,"column":1}},"line":40},"5":{"name":"(anonymous_5)","decl":{"start":{"line":47,"column":15},"end":{"line":47,"column":16}},"loc":{"start":{"line":47,"column":32},"end":{"line":51,"column":1}},"line":47},"6":{"name":"(anonymous_6)","decl":{"start":{"line":53,"column":15},"end":{"line":53,"column":16}},"loc":{"start":{"line":53,"column":23},"end":{"line":57,"column":1}},"line":53}},"branchMap":{"0":{"loc":{"start":{"line":34,"column":47},"end":{"line":34,"column":93}},"type":"cond-expr","locations":[{"start":{"line":34,"column":81},"end":{"line":34,"column":85}},{"start":{"line":34,"column":88},"end":{"line":34,"column":93}}],"line":34},"1":{"loc":{"start":{"line":42,"column":48},"end":{"line":42,"column":99}},"type":"cond-expr","locations":[{"start":{"line":42,"column":88},"end":{"line":42,"column":92}},{"start":{"line":42,"column":95},"end":{"line":42,"column":99}}],"line":42}},"s":{"0":3,"1":3,"2":3,"3":1,"4":3,"5":2,"6":3,"7":1,"8":0,"9":0,"10":0,"11":0,"12":3,"13":1,"14":1,"15":1,"16":3,"17":1,"18":3,"19":1,"20":3},"f":{"0":1,"1":2,"2":1,"3":0,"4":1,"5":1,"6":1},"b":{"0":[0,0],"1":[0,1]},"_coverageSchema":"1a1c01bbd47fc00a2c39e90264f33305004495a9","hash":"9e9249caff02dd900b677353c78da45bd681e954"}
,"C:\\Users\\steph\\Documents\\Lambda Projects\\be\\data\\routes\\users\\usersRouter.js": {"path":"C:\\Users\\steph\\Documents\\Lambda Projects\\be\\data\\routes\\users\\usersRouter.js","statementMap":{"0":{"start":{"line":1,"column":16},"end":{"line":1,"column":34}},"1":{"start":{"line":2,"column":19},"end":{"line":2,"column":42}},"2":{"start":{"line":3,"column":23},"end":{"line":3,"column":60}},"3":{"start":{"line":4,"column":21},"end":{"line":4,"column":61}},"4":{"start":{"line":5,"column":41},"end":{"line":5,"column":77}},"5":{"start":{"line":6,"column":15},"end":{"line":6,"column":31}},"6":{"start":{"line":8,"column":0},"end":{"line":8,"column":47}},"7":{"start":{"line":10,"column":0},"end":{"line":18,"column":2}},"8":{"start":{"line":11,"column":4},"end":{"line":17,"column":5}},"9":{"start":{"line":12,"column":22},"end":{"line":12,"column":44}},"10":{"start":{"line":13,"column":8},"end":{"line":13,"column":35}},"11":{"start":{"line":16,"column":8},"end":{"line":16,"column":19}},"12":{"start":{"line":20,"column":0},"end":{"line":28,"column":2}},"13":{"start":{"line":21,"column":4},"end":{"line":27,"column":5}},"14":{"start":{"line":22,"column":24},"end":{"line":22,"column":63}},"15":{"start":{"line":23,"column":8},"end":{"line":23,"column":37}},"16":{"start":{"line":26,"column":8},"end":{"line":26,"column":19}},"17":{"start":{"line":43,"column":0},"end":{"line":55,"column":2}},"18":{"start":{"line":44,"column":20},"end":{"line":47,"column":5}},"19":{"start":{"line":48,"column":4},"end":{"line":54,"column":5}},"20":{"start":{"line":49,"column":24},"end":{"line":49,"column":71}},"21":{"start":{"line":50,"column":8},"end":{"line":50,"column":37}},"22":{"start":{"line":53,"column":8},"end":{"line":53,"column":19}},"23":{"start":{"line":57,"column":0},"end":{"line":68,"column":2}},"24":{"start":{"line":58,"column":4},"end":{"line":67,"column":5}},"25":{"start":{"line":59,"column":28},"end":{"line":59,"column":66}},"26":{"start":{"line":61,"column":8},"end":{"line":63,"column":9}},"27":{"start":{"line":62,"column":12},"end":{"line":62,"column":65}},"28":{"start":{"line":66,"column":8},"end":{"line":66,"column":19}},"29":{"start":{"line":70,"column":0},"end":{"line":70,"column":24}}},"fnMap":{"0":{"name":"(anonymous_0)","decl":{"start":{"line":10,"column":30},"end":{"line":10,"column":31}},"loc":{"start":{"line":10,"column":56},"end":{"line":18,"column":1}},"line":10},"1":{"name":"(anonymous_1)","decl":{"start":{"line":20,"column":37},"end":{"line":20,"column":38}},"loc":{"start":{"line":20,"column":63},"end":{"line":28,"column":1}},"line":20},"2":{"name":"(anonymous_2)","decl":{"start":{"line":43,"column":37},"end":{"line":43,"column":38}},"loc":{"start":{"line":43,"column":63},"end":{"line":55,"column":1}},"line":43},"3":{"name":"(anonymous_3)","decl":{"start":{"line":57,"column":40},"end":{"line":57,"column":41}},"loc":{"start":{"line":57,"column":66},"end":{"line":68,"column":1}},"line":57}},"branchMap":{"0":{"loc":{"start":{"line":61,"column":8},"end":{"line":63,"column":9}},"type":"if","locations":[{"start":{"line":61,"column":8},"end":{"line":63,"column":9}},{"start":{"line":61,"column":8},"end":{"line":63,"column":9}}],"line":61}},"s":{"0":3,"1":3,"2":3,"3":3,"4":3,"5":3,"6":3,"7":3,"8":1,"9":1,"10":1,"11":0,"12":3,"13":1,"14":1,"15":0,"16":1,"17":3,"18":1,"19":1,"20":1,"21":0,"22":1,"23":3,"24":1,"25":1,"26":0,"27":0,"28":1,"29":3},"f":{"0":1,"1":1,"2":1,"3":1},"b":{"0":[0,0]},"_coverageSchema":"1a1c01bbd47fc00a2c39e90264f33305004495a9","hash":"e21e9ea8cfeb7b721fc8ad5161b88eedd08b6b5a"}
}
