TN:
SF:knexfile.js
FN:13,(anonymous_0)
FNF:1
FNH:1
FNDA:3,(anonymous_0)
DA:3,3
DA:15,3
DA:20,3
LF:3
LH:3
BRF:0
BRH:0
end_of_record
TN:
SF:api\server.js
FN:22,(anonymous_0)
FN:28,(anonymous_1)
FNF:2
FNH:1
FNDA:0,(anonymous_0)
FNDA:5,(anonymous_1)
DA:1,3
DA:2,3
DA:3,3
DA:7,3
DA:8,3
DA:9,3
DA:11,3
DA:12,3
DA:13,3
DA:15,3
DA:17,3
DA:18,3
DA:19,3
DA:22,3
DA:23,0
DA:28,3
DA:29,5
DA:30,5
DA:35,3
LF:19
LH:18
BRF:0
BRH:0
end_of_record
TN:
SF:data\config\dbConfig.js
FNF:0
FNH:0
DA:1,3
DA:2,3
DA:4,3
DA:6,3
LF:4
LH:4
BRDA:4,0,0,3
BRDA:4,0,1,0
BRF:2
BRH:1
end_of_record
TN:
SF:data\config\secrets.js
FNF:0
FNH:0
DA:1,3
LF:1
LH:1
BRDA:1,0,0,3
BRDA:1,0,1,3
BRF:2
BRH:2
end_of_record
TN:
SF:data\middleware\authenticate.js
FN:4,(anonymous_0)
FNF:1
FNH:1
FNDA:5,(anonymous_0)
DA:1,3
DA:2,3
DA:4,3
DA:5,5
DA:6,5
DA:7,5
DA:9,4
DA:10,4
DA:13,1
LF:9
LH:9
BRF:0
BRH:0
end_of_record
TN:
SF:data\middleware\validate.js
FN:4,(anonymous_0)
FN:16,(anonymous_1)
FN:26,(anonymous_2)
FN:36,(anonymous_3)
FNF:4
FNH:0
FNDA:0,(anonymous_0)
FNDA:0,(anonymous_1)
FNDA:0,(anonymous_2)
FNDA:0,(anonymous_3)
DA:1,3
DA:2,3
DA:4,3
DA:5,0
DA:6,0
DA:7,0
DA:11,0
DA:12,0
DA:13,0
DA:16,3
DA:17,0
DA:18,0
DA:22,0
DA:26,3
DA:27,0
DA:28,0
DA:32,0
DA:36,3
DA:37,0
DA:38,0
DA:40,0
DA:41,0
DA:42,0
DA:43,0
DA:45,0
DA:46,0
DA:49,3
LF:27
LH:7
BRDA:6,0,0,0
BRDA:6,0,1,0
BRDA:17,1,0,0
BRDA:17,1,1,0
BRDA:17,2,0,0
BRDA:17,2,1,0
BRDA:17,2,2,0
BRDA:27,3,0,0
BRDA:27,3,1,0
BRDA:27,4,0,0
BRDA:27,4,1,0
BRDA:27,4,2,0
BRDA:40,5,0,0
BRDA:40,5,1,0
BRDA:42,6,0,0
BRDA:42,6,1,0
BRF:16
BRH:0
end_of_record
TN:
SF:data\routes\auth\authRouter.js
FN:10,(anonymous_0)
FN:27,(anonymous_1)
FN:28,(anonymous_2)
FNF:3
FNH:3
FNDA:2,(anonymous_0)
FNDA:2,(anonymous_1)
FNDA:1,(anonymous_2)
DA:1,3
DA:2,3
DA:4,3
DA:5,3
DA:6,3
DA:8,3
DA:10,3
DA:11,2
DA:12,2
DA:14,2
DA:17,1
DA:22,2
DA:27,3
DA:28,2
DA:29,1
DA:34,1
DA:37,1
DA:40,2
DA:41,2
DA:42,2
DA:43,2
DA:44,2
DA:45,2
DA:47,2
DA:48,1
DA:49,1
DA:53,1
DA:54,1
DA:60,0
DA:61,0
DA:65,3
LF:31
LH:29
BRDA:14,0,0,1
BRDA:14,0,1,1
BRDA:14,1,0,2
BRDA:14,1,1,2
BRDA:47,2,0,1
BRDA:47,2,1,1
BRDA:47,3,0,2
BRDA:47,3,1,2
BRDA:53,4,0,1
BRDA:53,4,1,0
BRDA:53,5,0,1
BRDA:53,5,1,1
BRF:12
BRH:11
end_of_record
TN:
SF:data\routes\overview\overviewRouter.js
FN:4,(anonymous_0)
FNF:1
FNH:1
FNDA:1,(anonymous_0)
DA:1,3
DA:2,3
DA:4,3
DA:5,1
DA:6,1
DA:7,1
DA:10,0
DA:14,3
LF:8
LH:7
BRF:0
BRH:0
end_of_record
TN:
SF:data\routes\projects\projectsModel.js
FN:3,(anonymous_0)
FN:8,(anonymous_1)
FN:14,(anonymous_2)
FN:27,(anonymous_3)
FN:33,(anonymous_4)
FN:41,(anonymous_5)
FN:56,(anonymous_6)
FN:70,(anonymous_7)
FN:79,(anonymous_8)
FNF:9
FNH:1
FNDA:1,(anonymous_0)
FNDA:0,(anonymous_1)
FNDA:0,(anonymous_2)
FNDA:0,(anonymous_3)
FNDA:0,(anonymous_4)
FNDA:0,(anonymous_5)
FNDA:0,(anonymous_6)
FNDA:0,(anonymous_7)
FNDA:0,(anonymous_8)
DA:1,3
DA:3,3
DA:4,1
DA:8,3
DA:9,0
DA:14,3
DA:15,0
DA:27,0
DA:28,0
DA:30,0
DA:33,3
DA:34,0
DA:37,0
DA:41,3
DA:42,0
DA:47,0
DA:56,3
DA:57,0
DA:70,3
DA:71,0
DA:79,3
DA:80,0
DA:85,3
LF:23
LH:11
BRDA:28,0,0,0
BRDA:28,0,1,0
BRF:2
BRH:0
end_of_record
TN:
SF:data\routes\projects\projectsRouter.js
FN:6,(anonymous_0)
FN:22,(anonymous_1)
FN:34,(anonymous_2)
FN:44,(anonymous_3)
FN:62,(anonymous_4)
FNF:5
FNH:0
FNDA:0,(anonymous_0)
FNDA:0,(anonymous_1)
FNDA:0,(anonymous_2)
FNDA:0,(anonymous_3)
FNDA:0,(anonymous_4)
DA:1,3
DA:2,3
DA:3,3
DA:4,3
DA:6,3
DA:7,0
DA:8,0
DA:9,0
DA:10,0
DA:11,0
DA:12,0
DA:14,0
DA:18,0
DA:22,3
DA:23,0
DA:24,0
DA:25,0
DA:26,0
DA:27,0
DA:30,0
DA:34,3
DA:35,0
DA:36,0
DA:37,0
DA:40,0
DA:44,3
DA:45,0
DA:53,0
DA:54,0
DA:55,0
DA:58,0
DA:62,3
DA:63,0
DA:64,0
DA:65,0
DA:66,0
DA:70,0
DA:74,3
LF:38
LH:10
BRDA:11,0,0,0
BRDA:11,0,1,0
BRDA:65,1,0,0
BRDA:65,1,1,0
BRF:4
BRH:0
end_of_record
TN:
SF:data\routes\users\usersModel.js
FN:4,(anonymous_0)
FN:9,(anonymous_1)
FN:16,(anonymous_2)
FN:33,(anonymous_3)
FN:40,(anonymous_4)
FN:47,(anonymous_5)
FN:53,(anonymous_6)
FNF:7
FNH:6
FNDA:1,(anonymous_0)
FNDA:2,(anonymous_1)
FNDA:1,(anonymous_2)
FNDA:0,(anonymous_3)
FNDA:1,(anonymous_4)
FNDA:1,(anonymous_5)
FNDA:1,(anonymous_6)
DA:1,3
DA:2,3
DA:4,3
DA:5,1
DA:9,3
DA:10,2
DA:16,3
DA:17,1
DA:21,0
DA:33,0
DA:34,0
DA:36,0
DA:40,3
DA:41,1
DA:42,1
DA:43,1
DA:47,3
DA:48,1
DA:53,3
DA:54,1
DA:59,3
LF:21
LH:17
BRDA:34,0,0,0
BRDA:34,0,1,0
BRDA:42,1,0,0
BRDA:42,1,1,1
BRF:4
BRH:1
end_of_record
TN:
SF:data\routes\users\usersRouter.js
FN:10,(anonymous_0)
FN:20,(anonymous_1)
FN:43,(anonymous_2)
FN:57,(anonymous_3)
FNF:4
FNH:4
FNDA:1,(anonymous_0)
FNDA:1,(anonymous_1)
FNDA:1,(anonymous_2)
FNDA:1,(anonymous_3)
DA:1,3
DA:2,3
DA:3,3
DA:4,3
DA:5,3
DA:6,3
DA:8,3
DA:10,3
DA:11,1
DA:12,1
DA:13,1
DA:16,0
DA:20,3
DA:21,1
DA:22,1
DA:23,0
DA:26,1
DA:43,3
DA:44,1
DA:48,1
DA:49,1
DA:50,0
DA:53,1
DA:57,3
DA:58,1
DA:59,1
DA:61,0
DA:62,0
DA:66,1
DA:70,3
LF:30
LH:25
BRDA:61,0,0,0
BRDA:61,0,1,0
BRF:2
BRH:0
end_of_record
